2020-01-07 12:08:08.526 INFO  c.t.h.c.c.ParsedLogicalPackage$OutlineParseCompiler - Outline parse 8 files in 3 roots took 83 ms.
2020-01-07 12:08:08.531 INFO  c.t.hydra.Hydra - Loaded pickle store with 0 entries.
2020-01-07 12:08:08.532 INFO  c.t.hydra.Hydra - Hydra Scala version: 2.13.1-hydra40
2020-01-07 12:08:08.533 INFO  c.t.hydra.Hydra - Hydra version:       2.2.0
2020-01-07 12:08:08.533 INFO  c.t.hydra.Hydra - Compiling project:   root/compile
2020-01-07 12:08:08.538 INFO  c.t.h.FullBuildDetector$ - Recursive - Full build detection took 4 ms.
2020-01-07 12:08:08.538 INFO  c.t.hydra.Hydra - Clean build: true
2020-01-07 12:08:09.609 INFO  c.t.h.l.ActivatedLicenseText - ActivatedLicenseText.validate took 1053 ms.
2020-01-07 12:08:09.610 INFO  c.t.h.l.HydraLicenseChecker - Days until license expiration: 206. Maximum cores: 8
2020-01-07 12:08:09.612 INFO  c.t.h.SourcePartitioner$ - No automatically balanced partition file /home/henri/repos/play-framework-config-resource/play-scala-seed/.hydra/sbt/root/compile/partition.hydra exist yet. Using plain partition strategy.
2020-01-07 12:08:09.661 INFO  c.t.hydra.Hydra - [worker.0]: Starting worker with 2 files.
2020-01-07 12:08:09.662 INFO  c.t.hydra.Hydra - [worker.1]: Starting worker with 2 files.
2020-01-07 12:08:09.662 INFO  c.t.hydra.Hydra - [worker.2]: Starting worker with 2 files.
2020-01-07 12:08:09.662 INFO  c.t.hydra.Hydra - [worker.3]: Starting worker with 1 files.
2020-01-07 12:08:11.115 INFO  worker.3 - Worker used 0 cached entries.
2020-01-07 12:08:11.116 INFO  c.t.h.WorkerThread - [worker.3]: 1447 ms 	1 sources.
2020-01-07 12:08:11.149 INFO  worker.1 - Worker used 0 cached entries.
2020-01-07 12:08:11.150 INFO  c.t.h.WorkerThread - [worker.1]: 1481 ms 	2 sources.
2020-01-07 12:08:11.174 INFO  worker.2 - Worker used 0 cached entries.
2020-01-07 12:08:11.175 INFO  c.t.h.WorkerThread - [worker.2]: 1506 ms 	2 sources.
2020-01-07 12:08:12.152 INFO  worker.0 - Worker used 0 cached entries.
2020-01-07 12:08:12.152 INFO  c.t.h.WorkerThread - [worker.0]: 2484 ms 	2 sources.
2020-01-07 12:08:12.156 INFO  c.t.h.m.GarbageCollection$ - Garbage collection duration: 33 milliseconds
2020-01-07 12:08:12.157 INFO  c.t.hydra.Hydra - Hydra compiling: 2496 ms
2020-01-07 12:08:12.176 INFO  worker.0 - Total time in late files: 67 ms in 2 late files
2020-01-07 12:08:12.176 INFO  worker.1 - Total time in late files: 68 ms in 1 late files
2020-01-07 12:08:12.176 INFO  worker.2 - Total time in late files: 35 ms in 2 late files
2020-01-07 12:08:12.176 INFO  worker.3 - Total time in late files: 0 ms in 0 late files
2020-01-07 12:08:12.177 INFO  c.t.hydra.Hydra - Compile time threshold for reporting unbalanced workers is 3447 ms.
2020-01-07 12:08:12.196 INFO  c.t.h.m.MetricsSerializer - Compilation metrics successfully stored in /home/henri/.triplequote/metrics/root-1578398888531
2020-01-07 12:10:39.694 INFO  c.t.h.c.c.ParsedLogicalPackage$OutlineParseCompiler - Outline parse 8 files in 3 roots took 80 ms.
2020-01-07 12:10:39.711 INFO  c.t.hydra.Hydra - Loaded pickle store with 9 entries.
2020-01-07 12:10:39.712 INFO  c.t.hydra.Hydra - Hydra Scala version: 2.13.1-hydra40
2020-01-07 12:10:39.713 INFO  c.t.hydra.Hydra - Hydra version:       2.2.0
2020-01-07 12:10:39.713 INFO  c.t.hydra.Hydra - Compiling project:   root/compile
2020-01-07 12:10:39.718 INFO  c.t.h.FullBuildDetector$ - Recursive - Full build detection took 4 ms.
2020-01-07 12:10:39.718 INFO  c.t.hydra.Hydra - Clean build: true
2020-01-07 12:10:40.779 INFO  c.t.h.l.ActivatedLicenseText - ActivatedLicenseText.validate took 1045 ms.
2020-01-07 12:10:40.780 INFO  c.t.h.l.HydraLicenseChecker - Days until license expiration: 206. Maximum cores: 8
2020-01-07 12:10:40.781 INFO  c.t.h.SourcePartitioner$ - No automatically balanced partition file /home/henri/repos/play-framework-config-resource/play-scala-seed/.hydra/sbt/root/compile/partition.hydra exist yet. Using plain partition strategy.
2020-01-07 12:10:40.835 INFO  c.t.hydra.Hydra - [worker.0]: Starting worker with 2 files.
2020-01-07 12:10:40.835 INFO  c.t.hydra.Hydra - [worker.1]: Starting worker with 2 files.
2020-01-07 12:10:40.835 INFO  c.t.hydra.Hydra - [worker.2]: Starting worker with 2 files.
2020-01-07 12:10:40.835 INFO  c.t.hydra.Hydra - [worker.3]: Starting worker with 1 files.
2020-01-07 12:10:42.530 INFO  worker.3 - Worker used 0 cached entries.
2020-01-07 12:10:42.532 INFO  c.t.h.WorkerThread - [worker.3]: 1688 ms 	1 sources.
2020-01-07 12:10:42.563 INFO  worker.1 - Worker used 0 cached entries.
2020-01-07 12:10:42.564 INFO  c.t.h.WorkerThread - [worker.1]: 1721 ms 	2 sources.
2020-01-07 12:10:42.596 INFO  worker.2 - Worker used 0 cached entries.
2020-01-07 12:10:42.596 INFO  c.t.h.WorkerThread - [worker.2]: 1754 ms 	2 sources.
2020-01-07 12:10:43.517 INFO  worker.0 - Worker used 1 cached entries.
2020-01-07 12:10:43.517 INFO  c.t.h.WorkerThread - [worker.0]: 2675 ms 	2 sources.
2020-01-07 12:10:43.522 INFO  c.t.h.m.GarbageCollection$ - Garbage collection duration: 238 milliseconds
2020-01-07 12:10:43.524 INFO  c.t.hydra.Hydra - Hydra compiling: 2689 ms
2020-01-07 12:10:43.547 INFO  worker.0 - Total time in late files: 77 ms in 2 late files
2020-01-07 12:10:43.547 INFO  worker.1 - Total time in late files: 67 ms in 1 late files
2020-01-07 12:10:43.547 INFO  worker.2 - Total time in late files: 35 ms in 2 late files
2020-01-07 12:10:43.547 INFO  worker.3 - Total time in late files: 0 ms in 0 late files
2020-01-07 12:10:43.548 INFO  c.t.hydra.Hydra - Compile time threshold for reporting unbalanced workers is 3688 ms.
2020-01-07 12:10:43.565 INFO  c.t.h.m.MetricsSerializer - Compilation metrics successfully stored in /home/henri/.triplequote/metrics/root-1578399039712
